This file contains any messages produced by compilers while
running configure, to aid debugging if configure makes a mistake.

It was created by greybus-bridge configure 0.1, which was
generated by GNU Autoconf 2.69.  Invocation command line was

  $ ./configure --enable-tcpip --enable-netlink --enable-uart

## --------- ##
## Platform. ##
## --------- ##

hostname = cfriedt-MacBookPro
uname -m = x86_64
uname -r = 5.4.0-45-generic
uname -s = Linux
uname -v = #49-Ubuntu SMP Wed Aug 26 13:38:52 UTC 2020

/usr/bin/uname -p = unknown
/bin/uname -X     = unknown

/bin/arch              = unknown
/usr/bin/arch -k       = unknown
/usr/convex/getsysinfo = unknown
/usr/bin/hostinfo      = unknown
/bin/machine           = unknown
/usr/bin/oslevel       = unknown
/bin/universe          = unknown

PATH: /opt/zephyr-sdk/sysroots/x86_64-pokysdk-linux/usr/bin
PATH: /home/cfriedt/.local/bin
PATH: /usr/lib/ccache
PATH: /home/cfriedt/bin
PATH: /usr/local/sbin
PATH: /usr/local/bin
PATH: /usr/sbin
PATH: /usr/bin
PATH: /sbin
PATH: /bin
PATH: /usr/games
PATH: /usr/local/games
PATH: /snap/bin


## ----------- ##
## Core tests. ##
## ----------- ##

configure:1909: checking for a BSD-compatible install
configure:1977: result: /usr/bin/install -c
configure:1988: checking whether build environment is sane
configure:2043: result: yes
configure:2192: checking for a thread-safe mkdir -p
configure:2231: result: /bin/mkdir -p
configure:2238: checking for gawk
configure:2268: result: no
configure:2238: checking for mawk
configure:2254: found /usr/bin/mawk
configure:2265: result: mawk
configure:2276: checking whether make sets $(MAKE)
configure:2298: result: yes
configure:2327: checking whether make supports nested variables
configure:2344: result: yes
configure:2521: checking for gcc
configure:2537: found /usr/lib/ccache/gcc
configure:2548: result: gcc
configure:2777: checking for C compiler version
configure:2786: gcc --version >&5
gcc (Ubuntu 9.3.0-10ubuntu2) 9.3.0
Copyright (C) 2019 Free Software Foundation, Inc.
This is free software; see the source for copying conditions.  There is NO
warranty; not even for MERCHANTABILITY or FITNESS FOR A PARTICULAR PURPOSE.

configure:2797: $? = 0
configure:2786: gcc -v >&5
Using built-in specs.
COLLECT_GCC=/usr/bin/gcc
COLLECT_LTO_WRAPPER=/usr/lib/gcc/x86_64-linux-gnu/9/lto-wrapper
OFFLOAD_TARGET_NAMES=nvptx-none:hsa
OFFLOAD_TARGET_DEFAULT=1
Target: x86_64-linux-gnu
Configured with: ../src/configure -v --with-pkgversion='Ubuntu 9.3.0-10ubuntu2' --with-bugurl=file:///usr/share/doc/gcc-9/README.Bugs --enable-languages=c,ada,c++,go,brig,d,fortran,objc,obj-c++,gm2 --prefix=/usr --with-gcc-major-version-only --program-suffix=-9 --program-prefix=x86_64-linux-gnu- --enable-shared --enable-linker-build-id --libexecdir=/usr/lib --without-included-gettext --enable-threads=posix --libdir=/usr/lib --enable-nls --enable-clocale=gnu --enable-libstdcxx-debug --enable-libstdcxx-time=yes --with-default-libstdcxx-abi=new --enable-gnu-unique-object --disable-vtable-verify --enable-plugin --enable-default-pie --with-system-zlib --with-target-system-zlib=auto --enable-objc-gc=auto --enable-multiarch --disable-werror --with-arch-32=i686 --with-abi=m64 --with-multilib-list=m32,m64,mx32 --enable-multilib --with-tune=generic --enable-offload-targets=nvptx-none,hsa --without-cuda-driver --enable-checking=release --build=x86_64-linux-gnu --host=x86_64-linux-gnu --target=x86_64-linux-gnu
Thread model: posix
gcc version 9.3.0 (Ubuntu 9.3.0-10ubuntu2) 
configure:2797: $? = 0
configure:2786: gcc -V >&5
gcc: error: unrecognized command line option '-V'
gcc: fatal error: no input files
compilation terminated.
configure:2797: $? = 1
configure:2786: gcc -qversion >&5
gcc: error: unrecognized command line option '-qversion'; did you mean '--version'?
gcc: fatal error: no input files
compilation terminated.
configure:2797: $? = 1
configure:2817: checking whether the C compiler works
configure:2839: gcc    conftest.c  >&5
configure:2843: $? = 0
configure:2891: result: yes
configure:2894: checking for C compiler default output file name
configure:2896: result: a.out
configure:2902: checking for suffix of executables
configure:2909: gcc -o conftest    conftest.c  >&5
configure:2913: $? = 0
configure:2935: result: 
configure:2957: checking whether we are cross compiling
configure:2965: gcc -o conftest    conftest.c  >&5
configure:2969: $? = 0
configure:2976: ./conftest
configure:2980: $? = 0
configure:2968: result: no
configure:2973: checking for suffix of object files
configure:2995: gcc -c   conftest.c >&5
configure:2999: $? = 0
configure:3020: result: o
configure:3024: checking whether we are using the GNU C compiler
configure:3043: gcc -c   conftest.c >&5
configure:3043: $? = 0
configure:3052: result: yes
configure:3061: checking whether gcc accepts -g
configure:3081: gcc -c -g  conftest.c >&5
configure:3081: $? = 0
configure:3122: result: yes
configure:3139: checking for gcc option to accept ISO C89
configure:3202: gcc  -c -g -O2  conftest.c >&5
configure:3202: $? = 0
configure:3215: result: none needed
configure:3240: checking whether gcc understands -c and -o together
configure:3262: gcc -c conftest.c -o conftest2.o
configure:3265: $? = 0
configure:3262: gcc -c conftest.c -o conftest2.o
configure:3265: $? = 0
configure:3277: result: yes
configure:3297: checking whether make supports the include directive
configure:3312: make -f confmf.GNU && cat confinc.out
this is the am__doit target
configure:3315: $? = 0
configure:3334: result: yes (GNU style)
configure:3359: checking dependency style of gcc
configure:3470: result: gcc3
configure:3489: checking for nl_socket_alloc in -lnl-3
configure:3514: gcc -o conftest -g -O2   conftest.c -lnl-3   >&5
configure:3514: $? = 0
configure:3523: result: yes
configure:3534: checking for genl_register_family in -lnl-genl-3
configure:3559: gcc -o conftest -g -O2   conftest.c -lnl-genl-3  -lnl-3  >&5
configure:3559: $? = 0
configure:3568: result: yes
configure:3579: checking for pthread_create in -lpthread
configure:3604: gcc -o conftest -g -O2   conftest.c -lpthread  -lnl-genl-3 -lnl-3  >&5
configure:3604: $? = 0
configure:3613: result: yes
configure:3624: checking for main in -lavahi-common
configure:3643: gcc -o conftest -g -O2   conftest.c -lavahi-common  -lpthread -lnl-genl-3 -lnl-3  >&5
configure:3643: $? = 0
configure:3652: result: yes
configure:3663: checking for main in -lavahi-client
configure:3682: gcc -o conftest -g -O2   conftest.c -lavahi-client  -lavahi-common -lpthread -lnl-genl-3 -lnl-3  >&5
configure:3682: $? = 0
configure:3691: result: yes
configure:3978: checking that generated files are newer than configure
configure:3984: result: done
configure:4027: creating ./config.status

## ---------------------- ##
## Running config.status. ##
## ---------------------- ##

This file was extended by greybus-bridge config.status 0.1, which was
generated by GNU Autoconf 2.69.  Invocation command line was

  CONFIG_FILES    = 
  CONFIG_HEADERS  = 
  CONFIG_LINKS    = 
  CONFIG_COMMANDS = 
  $ ./config.status 

on cfriedt-MacBookPro

config.status:856: creating Makefile
config.status:856: creating config.h
config.status:1037: config.h is unchanged
config.status:1085: executing depfiles commands
config.status:1162: cd .       && sed -e '/# am--include-marker/d' Makefile         | make -f - am--depfiles
make: Nothing to be done for 'am--depfiles'.
config.status:1167: $? = 0

## ---------------- ##
## Cache variables. ##
## ---------------- ##

ac_cv_c_compiler_gnu=yes
ac_cv_env_CC_set=
ac_cv_env_CC_value=
ac_cv_env_CFLAGS_set=
ac_cv_env_CFLAGS_value=
ac_cv_env_CPPFLAGS_set=
ac_cv_env_CPPFLAGS_value=
ac_cv_env_GBDIR_set=set
ac_cv_env_GBDIR_value=/home/cfriedt/workspace/greybus
ac_cv_env_KERNEL_DIR_set=
ac_cv_env_KERNEL_DIR_value=
ac_cv_env_LDFLAGS_set=
ac_cv_env_LDFLAGS_value=
ac_cv_env_LIBS_set=
ac_cv_env_LIBS_value=
ac_cv_env_build_alias_set=
ac_cv_env_build_alias_value=
ac_cv_env_host_alias_set=
ac_cv_env_host_alias_value=
ac_cv_env_target_alias_set=
ac_cv_env_target_alias_value=
ac_cv_lib_avahi_client_main=yes
ac_cv_lib_avahi_common_main=yes
ac_cv_lib_nl_3_nl_socket_alloc=yes
ac_cv_lib_nl_genl_3_genl_register_family=yes
ac_cv_lib_pthread_pthread_create=yes
ac_cv_objext=o
ac_cv_path_install='/usr/bin/install -c'
ac_cv_path_mkdir=/bin/mkdir
ac_cv_prog_AWK=mawk
ac_cv_prog_ac_ct_CC=gcc
ac_cv_prog_cc_c89=
ac_cv_prog_cc_g=yes
ac_cv_prog_make_make_set=yes
am_cv_CC_dependencies_compiler_type=gcc3
am_cv_make_support_nested_variables=yes
am_cv_prog_cc_c_o=yes

## ----------------- ##
## Output variables. ##
## ----------------- ##

ACLOCAL='${SHELL} /home/cfriedt/Desktop/gbridge/missing aclocal-1.16'
AMDEPBACKSLASH='\'
AMDEP_FALSE='#'
AMDEP_TRUE=''
AMTAR='$${TAR-tar}'
AM_BACKSLASH='\'
AM_DEFAULT_V='$(AM_DEFAULT_VERBOSITY)'
AM_DEFAULT_VERBOSITY='1'
AM_V='$(V)'
AUTOCONF='${SHELL} /home/cfriedt/Desktop/gbridge/missing autoconf'
AUTOHEADER='${SHELL} /home/cfriedt/Desktop/gbridge/missing autoheader'
AUTOMAKE='${SHELL} /home/cfriedt/Desktop/gbridge/missing automake-1.16'
AWK='mawk'
BLUETOOTH_FALSE=''
BLUETOOTH_TRUE='#'
CC='gcc'
CCDEPMODE='depmode=gcc3'
CFLAGS='-g -O2'
CPPFLAGS=''
CYGPATH_W='echo'
DEFS='-DHAVE_CONFIG_H'
DEPDIR='.deps'
ECHO_C=''
ECHO_N='-n'
ECHO_T=''
EXEEXT=''
GBDIR='/home/cfriedt/workspace/greybus'
GBSIM_FALSE=''
GBSIM_TRUE='#'
INSTALL_DATA='${INSTALL} -m 644'
INSTALL_PROGRAM='${INSTALL}'
INSTALL_SCRIPT='${INSTALL}'
INSTALL_STRIP_PROGRAM='$(install_sh) -c -s'
KERNEL_DIR='/lib/modules/5.4.0-45-generic/build'
LDFLAGS=''
LIBOBJS=''
LIBS='-lavahi-client -lavahi-common -lpthread -lnl-genl-3 -lnl-3 '
LTLIBOBJS=''
MAKEINFO='${SHELL} /home/cfriedt/Desktop/gbridge/missing makeinfo'
MKDIR_P='/bin/mkdir -p'
NETLINK_FALSE='#'
NETLINK_TRUE=''
OBJEXT='o'
PACKAGE='greybus-bridge'
PACKAGE_BUGREPORT=''
PACKAGE_NAME='greybus-bridge'
PACKAGE_STRING='greybus-bridge 0.1'
PACKAGE_TARNAME='greybus-bridge'
PACKAGE_URL=''
PACKAGE_VERSION='0.1'
PATH_SEPARATOR=':'
SET_MAKE=''
SHELL='/bin/sh'
STRIP=''
TPCIP_FALSE='#'
TPCIP_TRUE=''
UART_FALSE='#'
UART_TRUE=''
VERSION='0.1'
ac_ct_CC='gcc'
am__EXEEXT_FALSE=''
am__EXEEXT_TRUE='#'
am__fastdepCC_FALSE='#'
am__fastdepCC_TRUE=''
am__include='include'
am__isrc=''
am__leading_dot='.'
am__nodep='_no'
am__quote=''
am__tar='$${TAR-tar} chof - "$$tardir"'
am__untar='$${TAR-tar} xf -'
bindir='${exec_prefix}/bin'
build_alias=''
datadir='${datarootdir}'
datarootdir='${prefix}/share'
docdir='${datarootdir}/doc/${PACKAGE_TARNAME}'
dvidir='${docdir}'
exec_prefix='${prefix}'
host_alias=''
htmldir='${docdir}'
includedir='${prefix}/include'
infodir='${datarootdir}/info'
install_sh='${SHELL} /home/cfriedt/Desktop/gbridge/install-sh'
libdir='${exec_prefix}/lib'
libexecdir='${exec_prefix}/libexec'
localedir='${datarootdir}/locale'
localstatedir='${prefix}/var'
mandir='${datarootdir}/man'
mkdir_p='$(MKDIR_P)'
oldincludedir='/usr/include'
pdfdir='${docdir}'
prefix='/usr/local'
program_transform_name='s,x,x,'
psdir='${docdir}'
runstatedir='${localstatedir}/run'
sbindir='${exec_prefix}/sbin'
sharedstatedir='${prefix}/com'
sysconfdir='${prefix}/etc'
target_alias=''

## ----------- ##
## confdefs.h. ##
## ----------- ##

/* confdefs.h */
#define PACKAGE_NAME "greybus-bridge"
#define PACKAGE_TARNAME "greybus-bridge"
#define PACKAGE_VERSION "0.1"
#define PACKAGE_STRING "greybus-bridge 0.1"
#define PACKAGE_BUGREPORT ""
#define PACKAGE_URL ""
#define PACKAGE "greybus-bridge"
#define VERSION "0.1"
#define HAVE_LIBNL_3 1
#define HAVE_LIBNL_GENL_3 1
#define HAVE_LIBPTHREAD 1
#define HAVE_LIBAVAHI_COMMON 1
#define HAVE_LIBAVAHI_CLIENT 1
#define HAVE_TCPIP 1
#define HAVE_UART 1
#define NETLINK 1

configure: exit 0
